<?xml version="1.0" encoding="UTF-8"?>
<!-- Generated by org.testng.reporters.JUnitXMLReporter -->
<testsuite ignored="0" hostname="SMTC-R-0200" failures="0" tests="3" name="Default test" time="58.858" errors="0" timestamp="2023-04-16T23:59:29 IST">
  <testcase classname="scripts.loginmodule" name="openloginpage" time="29.059"/>
  <testcase classname="scripts.loginmodule" name="redisterpage" time="6.705"/>
  <testcase classname="scripts.loginmodule" name="viewrmp" time="10.457"/>
</testsuite> <!-- Default test -->
