<?xml version="1.0" encoding="UTF-8"?>
<testng-results ignored="0" total="3" passed="3" failed="0" skipped="0">
  <reporter-output>
  </reporter-output>
  <suite started-at="2023-04-16T23:58:30 IST" name="Default suite" finished-at="2023-04-16T23:59:29 IST" duration-ms="58858">
    <groups>
    </groups>
    <test started-at="2023-04-16T23:58:30 IST" name="Default test" finished-at="2023-04-16T23:59:29 IST" duration-ms="58858">
      <class name="scripts.loginmodule">
        <test-method is-config="true" signature="openapplication()[pri:0, instance:scripts.loginmodule@3aefe5e5]" started-at="2023-04-16T23:58:30 IST" name="openapplication" finished-at="2023-04-16T23:58:34 IST" duration-ms="3760" status="PASS">
          <reporter-output>
          </reporter-output>
        </test-method> <!-- openapplication -->
        <test-method signature="openloginpage()[pri:0, instance:scripts.loginmodule@3aefe5e5]" started-at="2023-04-16T23:58:34 IST" name="openloginpage" finished-at="2023-04-16T23:59:03 IST" duration-ms="29059" status="PASS">
          <reporter-output>
          </reporter-output>
        </test-method> <!-- openloginpage -->
        <test-method is-config="true" signature="closeapplication()[pri:0, instance:scripts.loginmodule@3aefe5e5]" started-at="2023-04-16T23:59:03 IST" name="closeapplication" finished-at="2023-04-16T23:59:04 IST" duration-ms="1097" status="PASS">
          <reporter-output>
          </reporter-output>
        </test-method> <!-- closeapplication -->
        <test-method is-config="true" signature="openapplication()[pri:0, instance:scripts.loginmodule@3aefe5e5]" started-at="2023-04-16T23:59:04 IST" name="openapplication" finished-at="2023-04-16T23:59:07 IST" duration-ms="2988" status="PASS">
          <reporter-output>
          </reporter-output>
        </test-method> <!-- openapplication -->
        <test-method signature="redisterpage()[pri:0, instance:scripts.loginmodule@3aefe5e5]" started-at="2023-04-16T23:59:07 IST" name="redisterpage" finished-at="2023-04-16T23:59:14 IST" duration-ms="6705" status="PASS">
          <reporter-output>
          </reporter-output>
        </test-method> <!-- redisterpage -->
        <test-method is-config="true" signature="closeapplication()[pri:0, instance:scripts.loginmodule@3aefe5e5]" started-at="2023-04-16T23:59:14 IST" name="closeapplication" finished-at="2023-04-16T23:59:15 IST" duration-ms="1324" status="PASS">
          <reporter-output>
          </reporter-output>
        </test-method> <!-- closeapplication -->
        <test-method is-config="true" signature="openapplication()[pri:0, instance:scripts.loginmodule@3aefe5e5]" started-at="2023-04-16T23:59:15 IST" name="openapplication" finished-at="2023-04-16T23:59:18 IST" duration-ms="2669" status="PASS">
          <reporter-output>
          </reporter-output>
        </test-method> <!-- openapplication -->
        <test-method signature="viewrmp()[pri:0, instance:scripts.loginmodule@3aefe5e5]" started-at="2023-04-16T23:59:18 IST" name="viewrmp" finished-at="2023-04-16T23:59:28 IST" duration-ms="10457" status="PASS">
          <reporter-output>
          </reporter-output>
        </test-method> <!-- viewrmp -->
        <test-method is-config="true" signature="closeapplication()[pri:0, instance:scripts.loginmodule@3aefe5e5]" started-at="2023-04-16T23:59:28 IST" name="closeapplication" finished-at="2023-04-16T23:59:29 IST" duration-ms="732" status="PASS">
          <reporter-output>
          </reporter-output>
        </test-method> <!-- closeapplication -->
      </class> <!-- scripts.loginmodule -->
    </test> <!-- Default test -->
  </suite> <!-- Default suite -->
</testng-results>
